Analysis & Synthesis report for driver7seg
Mon Jan 16 19:09:38 2023
Quartus Prime Version 22.1std.0 Build 915 10/25/2022 SC Lite Edition


---------------------
; Table of Contents ;
---------------------
  1. Legal Notice
  2. Analysis & Synthesis Summary
  3. Analysis & Synthesis Settings
  4. Parallel Compilation
  5. Analysis & Synthesis Source Files Read
  6. Analysis & Synthesis Resource Usage Summary
  7. Analysis & Synthesis Resource Utilization by Entity
  8. User-Specified and Inferred Latches
  9. General Register Statistics
 10. Inverted Register Statistics
 11. Post-Synthesis Netlist Statistics for Top Partition
 12. Elapsed Time Per Partition
 13. Analysis & Synthesis Messages



----------------
; Legal Notice ;
----------------
Copyright (C) 2022  Intel Corporation. All rights reserved.
Your use of Intel Corporation's design tools, logic functions 
and other software and tools, and any partner logic 
functions, and any output files from any of the foregoing 
(including device programming or simulation files), and any 
associated documentation or information are expressly subject 
to the terms and conditions of the Intel Program License 
Subscription Agreement, the Intel Quartus Prime License Agreement,
the Intel FPGA IP License Agreement, or other applicable license
agreement, including, without limitation, that your use is for
the sole purpose of programming logic devices manufactured by
Intel and sold by Intel or its authorized distributors.  Please
refer to the applicable agreement for further details, at
https://fpgasoftware.intel.com/eula.



+-------------------------------------------------------------------------------------+
; Analysis & Synthesis Summary                                                        ;
+------------------------------------+------------------------------------------------+
; Analysis & Synthesis Status        ; Successful - Mon Jan 16 19:09:38 2023          ;
; Quartus Prime Version              ; 22.1std.0 Build 915 10/25/2022 SC Lite Edition ;
; Revision Name                      ; driver7seg                                     ;
; Top-level Entity Name              ; driver7seg                                     ;
; Family                             ; Cyclone IV E                                   ;
; Total logic elements               ; 29                                             ;
;     Total combinational functions  ; 23                                             ;
;     Dedicated logic registers      ; 12                                             ;
; Total registers                    ; 12                                             ;
; Total pins                         ; 22                                             ;
; Total virtual pins                 ; 0                                              ;
; Total memory bits                  ; 0                                              ;
; Embedded Multiplier 9-bit elements ; 0                                              ;
; Total PLLs                         ; 0                                              ;
+------------------------------------+------------------------------------------------+


+------------------------------------------------------------------------------------------------------------+
; Analysis & Synthesis Settings                                                                              ;
+------------------------------------------------------------------+--------------------+--------------------+
; Option                                                           ; Setting            ; Default Value      ;
+------------------------------------------------------------------+--------------------+--------------------+
; Device                                                           ; EP4CE6F17C8        ;                    ;
; Top-level entity name                                            ; driver7seg         ; driver7seg         ;
; Family name                                                      ; Cyclone IV E       ; Cyclone V          ;
; Use smart compilation                                            ; Off                ; Off                ;
; Enable parallel Assembler and Timing Analyzer during compilation ; On                 ; On                 ;
; Enable compact report table                                      ; Off                ; Off                ;
; Restructure Multiplexers                                         ; Auto               ; Auto               ;
; Create Debugging Nodes for IP Cores                              ; Off                ; Off                ;
; Preserve fewer node names                                        ; On                 ; On                 ;
; Intel FPGA IP Evaluation Mode                                    ; Enable             ; Enable             ;
; Verilog Version                                                  ; Verilog_2001       ; Verilog_2001       ;
; VHDL Version                                                     ; VHDL_1993          ; VHDL_1993          ;
; State Machine Processing                                         ; Auto               ; Auto               ;
; Safe State Machine                                               ; Off                ; Off                ;
; Extract Verilog State Machines                                   ; On                 ; On                 ;
; Extract VHDL State Machines                                      ; On                 ; On                 ;
; Ignore Verilog initial constructs                                ; Off                ; Off                ;
; Iteration limit for constant Verilog loops                       ; 5000               ; 5000               ;
; Iteration limit for non-constant Verilog loops                   ; 250                ; 250                ;
; Add Pass-Through Logic to Inferred RAMs                          ; On                 ; On                 ;
; Infer RAMs from Raw Logic                                        ; On                 ; On                 ;
; Parallel Synthesis                                               ; On                 ; On                 ;
; DSP Block Balancing                                              ; Auto               ; Auto               ;
; NOT Gate Push-Back                                               ; On                 ; On                 ;
; Power-Up Don't Care                                              ; On                 ; On                 ;
; Remove Redundant Logic Cells                                     ; Off                ; Off                ;
; Remove Duplicate Registers                                       ; On                 ; On                 ;
; Ignore CARRY Buffers                                             ; Off                ; Off                ;
; Ignore CASCADE Buffers                                           ; Off                ; Off                ;
; Ignore GLOBAL Buffers                                            ; Off                ; Off                ;
; Ignore ROW GLOBAL Buffers                                        ; Off                ; Off                ;
; Ignore LCELL Buffers                                             ; Off                ; Off                ;
; Ignore SOFT Buffers                                              ; On                 ; On                 ;
; Limit AHDL Integers to 32 Bits                                   ; Off                ; Off                ;
; Optimization Technique                                           ; Balanced           ; Balanced           ;
; Carry Chain Length                                               ; 70                 ; 70                 ;
; Auto Carry Chains                                                ; On                 ; On                 ;
; Auto Open-Drain Pins                                             ; On                 ; On                 ;
; Perform WYSIWYG Primitive Resynthesis                            ; Off                ; Off                ;
; Auto ROM Replacement                                             ; On                 ; On                 ;
; Auto RAM Replacement                                             ; On                 ; On                 ;
; Auto DSP Block Replacement                                       ; On                 ; On                 ;
; Auto Shift Register Replacement                                  ; Auto               ; Auto               ;
; Allow Shift Register Merging across Hierarchies                  ; Auto               ; Auto               ;
; Auto Clock Enable Replacement                                    ; On                 ; On                 ;
; Strict RAM Replacement                                           ; Off                ; Off                ;
; Allow Synchronous Control Signals                                ; On                 ; On                 ;
; Force Use of Synchronous Clear Signals                           ; Off                ; Off                ;
; Auto RAM Block Balancing                                         ; On                 ; On                 ;
; Auto RAM to Logic Cell Conversion                                ; Off                ; Off                ;
; Auto Resource Sharing                                            ; Off                ; Off                ;
; Allow Any RAM Size For Recognition                               ; Off                ; Off                ;
; Allow Any ROM Size For Recognition                               ; Off                ; Off                ;
; Allow Any Shift Register Size For Recognition                    ; Off                ; Off                ;
; Use LogicLock Constraints during Resource Balancing              ; On                 ; On                 ;
; Ignore translate_off and synthesis_off directives                ; Off                ; Off                ;
; Timing-Driven Synthesis                                          ; On                 ; On                 ;
; Report Parameter Settings                                        ; On                 ; On                 ;
; Report Source Assignments                                        ; On                 ; On                 ;
; Report Connectivity Checks                                       ; On                 ; On                 ;
; Ignore Maximum Fan-Out Assignments                               ; Off                ; Off                ;
; Synchronization Register Chain Length                            ; 2                  ; 2                  ;
; Power Optimization During Synthesis                              ; Normal compilation ; Normal compilation ;
; HDL message level                                                ; Level2             ; Level2             ;
; Suppress Register Optimization Related Messages                  ; Off                ; Off                ;
; Number of Removed Registers Reported in Synthesis Report         ; 5000               ; 5000               ;
; Number of Swept Nodes Reported in Synthesis Report               ; 5000               ; 5000               ;
; Number of Inverted Registers Reported in Synthesis Report        ; 100                ; 100                ;
; Clock MUX Protection                                             ; On                 ; On                 ;
; Auto Gated Clock Conversion                                      ; Off                ; Off                ;
; Block Design Naming                                              ; Auto               ; Auto               ;
; SDC constraint protection                                        ; Off                ; Off                ;
; Synthesis Effort                                                 ; Auto               ; Auto               ;
; Shift Register Replacement - Allow Asynchronous Clear Signal     ; On                 ; On                 ;
; Pre-Mapping Resynthesis Optimization                             ; Off                ; Off                ;
; Analysis & Synthesis Message Level                               ; Medium             ; Medium             ;
; Disable Register Merging Across Hierarchies                      ; Auto               ; Auto               ;
; Resource Aware Inference For Block RAM                           ; On                 ; On                 ;
+------------------------------------------------------------------+--------------------+--------------------+


+------------------------------------------+
; Parallel Compilation                     ;
+----------------------------+-------------+
; Processors                 ; Number      ;
+----------------------------+-------------+
; Number detected on machine ; 16          ;
; Maximum allowed            ; 16          ;
;                            ;             ;
; Average used               ; 1.00        ;
; Maximum used               ; 16          ;
;                            ;             ;
; Usage by Processor         ; % Time Used ;
;     Processor 1            ; 100.0%      ;
;     Processors 2-16        ;   0.0%      ;
+----------------------------+-------------+


+---------------------------------------------------------------------------------------------------------------------------------------------------------------------+
; Analysis & Synthesis Source Files Read                                                                                                                              ;
+----------------------------------+-----------------+------------------------+-----------------------------------------------------------------------------+---------+
; File Name with User-Entered Path ; Used in Netlist ; File Type              ; File Name with Absolute Path                                                ; Library ;
+----------------------------------+-----------------+------------------------+-----------------------------------------------------------------------------+---------+
; driver7seg.v                     ; yes             ; User Verilog HDL File  ; G:/Meu Drive/Academia/PUC/pos_graduacao/FPGA/quartus/projeto15/driver7seg.v ;         ;
+----------------------------------+-----------------+------------------------+-----------------------------------------------------------------------------+---------+


+---------------------------------------------------------+
; Analysis & Synthesis Resource Usage Summary             ;
+---------------------------------------------+-----------+
; Resource                                    ; Usage     ;
+---------------------------------------------+-----------+
; Estimated Total logic elements              ; 29        ;
;                                             ;           ;
; Total combinational functions               ; 23        ;
; Logic element usage by number of LUT inputs ;           ;
;     -- 4 input functions                    ; 8         ;
;     -- 3 input functions                    ; 12        ;
;     -- <=2 input functions                  ; 3         ;
;                                             ;           ;
; Logic elements by mode                      ;           ;
;     -- normal mode                          ; 23        ;
;     -- arithmetic mode                      ; 0         ;
;                                             ;           ;
; Total registers                             ; 12        ;
;     -- Dedicated logic registers            ; 12        ;
;     -- I/O registers                        ; 0         ;
;                                             ;           ;
; I/O pins                                    ; 22        ;
;                                             ;           ;
; Embedded Multiplier 9-bit elements          ; 0         ;
;                                             ;           ;
; Maximum fan-out node                        ; b[0]~reg0 ;
; Maximum fan-out                             ; 12        ;
; Total fan-out                               ; 137       ;
; Average fan-out                             ; 1.73      ;
+---------------------------------------------+-----------+


+----------------------------------------------------------------------------------------------------------------------------------------------------------------------------------------------------------+
; Analysis & Synthesis Resource Utilization by Entity                                                                                                                                                      ;
+----------------------------+---------------------+---------------------------+-------------+--------------+---------+-----------+------+--------------+---------------------+-------------+--------------+
; Compilation Hierarchy Node ; Combinational ALUTs ; Dedicated Logic Registers ; Memory Bits ; DSP Elements ; DSP 9x9 ; DSP 18x18 ; Pins ; Virtual Pins ; Full Hierarchy Name ; Entity Name ; Library Name ;
+----------------------------+---------------------+---------------------------+-------------+--------------+---------+-----------+------+--------------+---------------------+-------------+--------------+
; |driver7seg                ; 23 (23)             ; 12 (12)                   ; 0           ; 0            ; 0       ; 0         ; 22   ; 0            ; |driver7seg         ; driver7seg  ; work         ;
+----------------------------+---------------------+---------------------------+-------------+--------------+---------+-----------+------+--------------+---------------------+-------------+--------------+
Note: For table entries with two numbers listed, the numbers in parentheses indicate the number of resources of the given type used by the specific entity alone. The numbers listed outside of parentheses indicate the total resources of the given type used by the specific entity and all of its sub-entities in the hierarchy.


+---------------------------------------------------------------------------------------------------+
; User-Specified and Inferred Latches                                                               ;
+----------------------------------------------------+---------------------+------------------------+
; Latch Name                                         ; Latch Enable Signal ; Free of Timing Hazards ;
+----------------------------------------------------+---------------------+------------------------+
; d[0]$latch                                         ; Mux7                ; yes                    ;
; d[1]$latch                                         ; Mux7                ; yes                    ;
; d[2]$latch                                         ; Mux7                ; yes                    ;
; d[3]$latch                                         ; Mux7                ; yes                    ;
; d[4]$latch                                         ; Mux7                ; yes                    ;
; d[5]$latch                                         ; Mux7                ; yes                    ;
; d[6]$latch                                         ; Mux7                ; yes                    ;
; Number of user-specified and inferred latches = 7  ;                     ;                        ;
+----------------------------------------------------+---------------------+------------------------+
Note: All latches listed above may not be present at the end of synthesis due to various synthesis optimizations.


+------------------------------------------------------+
; General Register Statistics                          ;
+----------------------------------------------+-------+
; Statistic                                    ; Value ;
+----------------------------------------------+-------+
; Total registers                              ; 12    ;
; Number of registers using Synchronous Clear  ; 0     ;
; Number of registers using Synchronous Load   ; 0     ;
; Number of registers using Asynchronous Clear ; 0     ;
; Number of registers using Asynchronous Load  ; 0     ;
; Number of registers using Clock Enable       ; 0     ;
; Number of registers using Preset             ; 0     ;
+----------------------------------------------+-------+


+--------------------------------------------------+
; Inverted Register Statistics                     ;
+----------------------------------------+---------+
; Inverted Register                      ; Fan out ;
+----------------------------------------+---------+
; display[1]~reg0                        ; 3       ;
; display[2]~reg0                        ; 3       ;
; display[3]~reg0                        ; 3       ;
; display[4]~reg0                        ; 3       ;
; display[5]~reg0                        ; 3       ;
; display[6]~reg0                        ; 3       ;
; display[7]~reg0                        ; 2       ;
; Total number of inverted registers = 7 ;         ;
+----------------------------------------+---------+


+-----------------------------------------------------+
; Post-Synthesis Netlist Statistics for Top Partition ;
+-----------------------+-----------------------------+
; Type                  ; Count                       ;
+-----------------------+-----------------------------+
; boundary_port         ; 22                          ;
; cycloneiii_ff         ; 12                          ;
;     plain             ; 12                          ;
; cycloneiii_lcell_comb ; 31                          ;
;     normal            ; 31                          ;
;         0 data inputs ; 1                           ;
;         1 data inputs ; 9                           ;
;         2 data inputs ; 1                           ;
;         3 data inputs ; 12                          ;
;         4 data inputs ; 8                           ;
;                       ;                             ;
; Max LUT depth         ; 2.00                        ;
; Average LUT depth     ; 1.52                        ;
+-----------------------+-----------------------------+


+-------------------------------+
; Elapsed Time Per Partition    ;
+----------------+--------------+
; Partition Name ; Elapsed Time ;
+----------------+--------------+
; Top            ; 00:00:00     ;
+----------------+--------------+


+-------------------------------+
; Analysis & Synthesis Messages ;
+-------------------------------+
Info: *******************************************************************
Info: Running Quartus Prime Analysis & Synthesis
    Info: Version 22.1std.0 Build 915 10/25/2022 SC Lite Edition
    Info: Processing started: Mon Jan 16 19:09:31 2023
Info: Command: quartus_map --read_settings_files=on --write_settings_files=off driver7seg -c driver7seg
Warning (18236): Number of processors has not been specified which may cause overloading on shared machines.  Set the global assignment NUM_PARALLEL_PROCESSORS in your QSF to an appropriate value for best performance.
Info (20030): Parallel compilation is enabled and will use 16 of the 16 processors detected
Info (12021): Found 1 design units, including 1 entities, in source file driver7seg.v
    Info (12023): Found entity 1: driver7seg File: G:/Meu Drive/Academia/PUC/pos_graduacao/FPGA/quartus/projeto15/driver7seg.v Line: 6
Info (12127): Elaborating entity "driver7seg" for the top level hierarchy
Warning (10270): Verilog HDL Case Statement warning at driver7seg.v(44): incomplete case statement has no default case item File: G:/Meu Drive/Academia/PUC/pos_graduacao/FPGA/quartus/projeto15/driver7seg.v Line: 44
Warning (10240): Verilog HDL Always Construct warning at driver7seg.v(42): inferring latch(es) for variable "d", which holds its previous value in one or more paths through the always construct File: G:/Meu Drive/Academia/PUC/pos_graduacao/FPGA/quartus/projeto15/driver7seg.v Line: 42
Info (10041): Inferred latch for "d[0]" at driver7seg.v(42) File: G:/Meu Drive/Academia/PUC/pos_graduacao/FPGA/quartus/projeto15/driver7seg.v Line: 42
Info (10041): Inferred latch for "d[1]" at driver7seg.v(42) File: G:/Meu Drive/Academia/PUC/pos_graduacao/FPGA/quartus/projeto15/driver7seg.v Line: 42
Info (10041): Inferred latch for "d[2]" at driver7seg.v(42) File: G:/Meu Drive/Academia/PUC/pos_graduacao/FPGA/quartus/projeto15/driver7seg.v Line: 42
Info (10041): Inferred latch for "d[3]" at driver7seg.v(42) File: G:/Meu Drive/Academia/PUC/pos_graduacao/FPGA/quartus/projeto15/driver7seg.v Line: 42
Info (10041): Inferred latch for "d[4]" at driver7seg.v(42) File: G:/Meu Drive/Academia/PUC/pos_graduacao/FPGA/quartus/projeto15/driver7seg.v Line: 42
Info (10041): Inferred latch for "d[5]" at driver7seg.v(42) File: G:/Meu Drive/Academia/PUC/pos_graduacao/FPGA/quartus/projeto15/driver7seg.v Line: 42
Info (10041): Inferred latch for "d[6]" at driver7seg.v(42) File: G:/Meu Drive/Academia/PUC/pos_graduacao/FPGA/quartus/projeto15/driver7seg.v Line: 42
Info (10041): Inferred latch for "d[7]" at driver7seg.v(42) File: G:/Meu Drive/Academia/PUC/pos_graduacao/FPGA/quartus/projeto15/driver7seg.v Line: 42
Warning (13012): Latch d[0]$latch has unsafe behavior File: G:/Meu Drive/Academia/PUC/pos_graduacao/FPGA/quartus/projeto15/driver7seg.v Line: 42
    Warning (13013): Ports D and ENA on the latch are fed by the same signal b[1]~reg0 File: G:/Meu Drive/Academia/PUC/pos_graduacao/FPGA/quartus/projeto15/driver7seg.v Line: 31
Warning (13012): Latch d[1]$latch has unsafe behavior File: G:/Meu Drive/Academia/PUC/pos_graduacao/FPGA/quartus/projeto15/driver7seg.v Line: 42
    Warning (13013): Ports D and ENA on the latch are fed by the same signal b[2]~reg0 File: G:/Meu Drive/Academia/PUC/pos_graduacao/FPGA/quartus/projeto15/driver7seg.v Line: 31
Warning (13012): Latch d[2]$latch has unsafe behavior File: G:/Meu Drive/Academia/PUC/pos_graduacao/FPGA/quartus/projeto15/driver7seg.v Line: 42
    Warning (13013): Ports D and ENA on the latch are fed by the same signal b[1]~reg0 File: G:/Meu Drive/Academia/PUC/pos_graduacao/FPGA/quartus/projeto15/driver7seg.v Line: 31
Warning (13012): Latch d[3]$latch has unsafe behavior File: G:/Meu Drive/Academia/PUC/pos_graduacao/FPGA/quartus/projeto15/driver7seg.v Line: 42
    Warning (13013): Ports D and ENA on the latch are fed by the same signal b[1]~reg0 File: G:/Meu Drive/Academia/PUC/pos_graduacao/FPGA/quartus/projeto15/driver7seg.v Line: 31
Warning (13012): Latch d[4]$latch has unsafe behavior File: G:/Meu Drive/Academia/PUC/pos_graduacao/FPGA/quartus/projeto15/driver7seg.v Line: 42
    Warning (13013): Ports D and ENA on the latch are fed by the same signal b[1]~reg0 File: G:/Meu Drive/Academia/PUC/pos_graduacao/FPGA/quartus/projeto15/driver7seg.v Line: 31
Warning (13012): Latch d[5]$latch has unsafe behavior File: G:/Meu Drive/Academia/PUC/pos_graduacao/FPGA/quartus/projeto15/driver7seg.v Line: 42
    Warning (13013): Ports D and ENA on the latch are fed by the same signal b[1]~reg0 File: G:/Meu Drive/Academia/PUC/pos_graduacao/FPGA/quartus/projeto15/driver7seg.v Line: 31
Warning (13012): Latch d[6]$latch has unsafe behavior File: G:/Meu Drive/Academia/PUC/pos_graduacao/FPGA/quartus/projeto15/driver7seg.v Line: 42
    Warning (13013): Ports D and ENA on the latch are fed by the same signal b[1]~reg0 File: G:/Meu Drive/Academia/PUC/pos_graduacao/FPGA/quartus/projeto15/driver7seg.v Line: 31
Warning (13024): Output pins are stuck at VCC or GND
    Warning (13410): Pin "d[7]" is stuck at VCC File: G:/Meu Drive/Academia/PUC/pos_graduacao/FPGA/quartus/projeto15/driver7seg.v Line: 42
Info (286030): Timing-Driven Synthesis is running
Info (16010): Generating hard_block partition "hard_block:auto_generated_inst"
    Info (16011): Adding 0 node(s), including 0 DDIO, 0 PLL, 0 transceiver and 0 LCELL
Info (21057): Implemented 51 device resources after synthesis - the final resource count might be different
    Info (21058): Implemented 2 input pins
    Info (21059): Implemented 20 output pins
    Info (21061): Implemented 29 logic cells
Info: Quartus Prime Analysis & Synthesis was successful. 0 errors, 19 warnings
    Info: Peak virtual memory: 4835 megabytes
    Info: Processing ended: Mon Jan 16 19:09:38 2023
    Info: Elapsed time: 00:00:07
    Info: Total CPU time (on all processors): 00:00:17


