Assembler report for projeto03
Thu Jan 12 08:02:59 2023
Quartus Prime Version 22.1std.0 Build 915 10/25/2022 SC Lite Edition


---------------------
; Table of Contents ;
---------------------
  1. Legal Notice
  2. Assembler Summary
  3. Assembler Settings
  4. Assembler Generated Files
  5. Assembler Device Options: G:/Meu Drive/Academia/PUC/pos_graduacao/FPGAstudies/quartus/projeto03/output_files/projeto03.sof
  6. Assembler Messages



----------------
; Legal Notice ;
----------------
Copyright (C) 2022  Intel Corporation. All rights reserved.
Your use of Intel Corporation's design tools, logic functions 
and other software and tools, and any partner logic 
functions, and any output files from any of the foregoing 
(including device programming or simulation files), and any 
associated documentation or information are expressly subject 
to the terms and conditions of the Intel Program License 
Subscription Agreement, the Intel Quartus Prime License Agreement,
the Intel FPGA IP License Agreement, or other applicable license
agreement, including, without limitation, that your use is for
the sole purpose of programming logic devices manufactured by
Intel and sold by Intel or its authorized distributors.  Please
refer to the applicable agreement for further details, at
https://fpgasoftware.intel.com/eula.



+---------------------------------------------------------------+
; Assembler Summary                                             ;
+-----------------------+---------------------------------------+
; Assembler Status      ; Successful - Thu Jan 12 08:02:59 2023 ;
; Revision Name         ; projeto03                             ;
; Top-level Entity Name ; somadorCompleto                       ;
; Family                ; Cyclone IV E                          ;
; Device                ; EP4CE6F17C8                           ;
+-----------------------+---------------------------------------+


+----------------------------------+
; Assembler Settings               ;
+--------+---------+---------------+
; Option ; Setting ; Default Value ;
+--------+---------+---------------+


+--------------------------------------------------------------------------------------------------+
; Assembler Generated Files                                                                        ;
+--------------------------------------------------------------------------------------------------+
; File Name                                                                                        ;
+--------------------------------------------------------------------------------------------------+
; G:/Meu Drive/Academia/PUC/pos_graduacao/FPGAstudies/quartus/projeto03/output_files/projeto03.sof ;
+--------------------------------------------------------------------------------------------------+


+----------------------------------------------------------------------------------------------------------------------------+
; Assembler Device Options: G:/Meu Drive/Academia/PUC/pos_graduacao/FPGAstudies/quartus/projeto03/output_files/projeto03.sof ;
+----------------+-----------------------------------------------------------------------------------------------------------+
; Option         ; Setting                                                                                                   ;
+----------------+-----------------------------------------------------------------------------------------------------------+
; JTAG usercode  ; 0x0008797A                                                                                                ;
; Checksum       ; 0x0008797A                                                                                                ;
+----------------+-----------------------------------------------------------------------------------------------------------+


+--------------------+
; Assembler Messages ;
+--------------------+
Info: *******************************************************************
Info: Running Quartus Prime Assembler
    Info: Version 22.1std.0 Build 915 10/25/2022 SC Lite Edition
    Info: Processing started: Thu Jan 12 08:02:59 2023
Info: Command: quartus_asm --read_settings_files=off --write_settings_files=off projeto03 -c projeto03
Warning (18236): Number of processors has not been specified which may cause overloading on shared machines.  Set the global assignment NUM_PARALLEL_PROCESSORS in your QSF to an appropriate value for best performance.
Info (115031): Writing out detailed assembly data for power analysis
Info (115030): Assembler is generating device programming files
Info: Quartus Prime Assembler was successful. 0 errors, 1 warning
    Info: Peak virtual memory: 4703 megabytes
    Info: Processing ended: Thu Jan 12 08:02:59 2023
    Info: Elapsed time: 00:00:00
    Info: Total CPU time (on all processors): 00:00:00


