Analysis & Synthesis report for bin2BCDdisplay
Tue Jan 17 08:19:04 2023
Quartus Prime Version 22.1std.0 Build 915 10/25/2022 SC Lite Edition


---------------------
; Table of Contents ;
---------------------
  1. Legal Notice
  2. Analysis & Synthesis Summary
  3. Analysis & Synthesis Settings
  4. Parallel Compilation
  5. Analysis & Synthesis Source Files Read
  6. Analysis & Synthesis Resource Usage Summary
  7. Analysis & Synthesis Resource Utilization by Entity
  8. Registers Removed During Synthesis
  9. General Register Statistics
 10. Inverted Register Statistics
 11. Port Connectivity Checks: "driver7seg:u3"
 12. Port Connectivity Checks: "driver7seg:u2"
 13. Port Connectivity Checks: "driver7seg:u1"
 14. Post-Synthesis Netlist Statistics for Top Partition
 15. Elapsed Time Per Partition
 16. Analysis & Synthesis Messages



----------------
; Legal Notice ;
----------------
Copyright (C) 2022  Intel Corporation. All rights reserved.
Your use of Intel Corporation's design tools, logic functions 
and other software and tools, and any partner logic 
functions, and any output files from any of the foregoing 
(including device programming or simulation files), and any 
associated documentation or information are expressly subject 
to the terms and conditions of the Intel Program License 
Subscription Agreement, the Intel Quartus Prime License Agreement,
the Intel FPGA IP License Agreement, or other applicable license
agreement, including, without limitation, that your use is for
the sole purpose of programming logic devices manufactured by
Intel and sold by Intel or its authorized distributors.  Please
refer to the applicable agreement for further details, at
https://fpgasoftware.intel.com/eula.



+-------------------------------------------------------------------------------------+
; Analysis & Synthesis Summary                                                        ;
+------------------------------------+------------------------------------------------+
; Analysis & Synthesis Status        ; Successful - Tue Jan 17 08:19:04 2023          ;
; Quartus Prime Version              ; 22.1std.0 Build 915 10/25/2022 SC Lite Edition ;
; Revision Name                      ; bin2BCDdisplay                                 ;
; Top-level Entity Name              ; top                                            ;
; Family                             ; Cyclone IV E                                   ;
; Total logic elements               ; 9                                              ;
;     Total combinational functions  ; 8                                              ;
;     Dedicated logic registers      ; 9                                              ;
; Total registers                    ; 9                                              ;
; Total pins                         ; 25                                             ;
; Total virtual pins                 ; 0                                              ;
; Total memory bits                  ; 0                                              ;
; Embedded Multiplier 9-bit elements ; 0                                              ;
; Total PLLs                         ; 0                                              ;
+------------------------------------+------------------------------------------------+


+------------------------------------------------------------------------------------------------------------+
; Analysis & Synthesis Settings                                                                              ;
+------------------------------------------------------------------+--------------------+--------------------+
; Option                                                           ; Setting            ; Default Value      ;
+------------------------------------------------------------------+--------------------+--------------------+
; Device                                                           ; EP4CE6F17C8        ;                    ;
; Top-level entity name                                            ; top                ; bin2BCDdisplay     ;
; Family name                                                      ; Cyclone IV E       ; Cyclone V          ;
; Use smart compilation                                            ; Off                ; Off                ;
; Enable parallel Assembler and Timing Analyzer during compilation ; On                 ; On                 ;
; Enable compact report table                                      ; Off                ; Off                ;
; Restructure Multiplexers                                         ; Auto               ; Auto               ;
; Create Debugging Nodes for IP Cores                              ; Off                ; Off                ;
; Preserve fewer node names                                        ; On                 ; On                 ;
; Intel FPGA IP Evaluation Mode                                    ; Enable             ; Enable             ;
; Verilog Version                                                  ; Verilog_2001       ; Verilog_2001       ;
; VHDL Version                                                     ; VHDL_1993          ; VHDL_1993          ;
; State Machine Processing                                         ; Auto               ; Auto               ;
; Safe State Machine                                               ; Off                ; Off                ;
; Extract Verilog State Machines                                   ; On                 ; On                 ;
; Extract VHDL State Machines                                      ; On                 ; On                 ;
; Ignore Verilog initial constructs                                ; Off                ; Off                ;
; Iteration limit for constant Verilog loops                       ; 5000               ; 5000               ;
; Iteration limit for non-constant Verilog loops                   ; 250                ; 250                ;
; Add Pass-Through Logic to Inferred RAMs                          ; On                 ; On                 ;
; Infer RAMs from Raw Logic                                        ; On                 ; On                 ;
; Parallel Synthesis                                               ; On                 ; On                 ;
; DSP Block Balancing                                              ; Auto               ; Auto               ;
; NOT Gate Push-Back                                               ; On                 ; On                 ;
; Power-Up Don't Care                                              ; On                 ; On                 ;
; Remove Redundant Logic Cells                                     ; Off                ; Off                ;
; Remove Duplicate Registers                                       ; On                 ; On                 ;
; Ignore CARRY Buffers                                             ; Off                ; Off                ;
; Ignore CASCADE Buffers                                           ; Off                ; Off                ;
; Ignore GLOBAL Buffers                                            ; Off                ; Off                ;
; Ignore ROW GLOBAL Buffers                                        ; Off                ; Off                ;
; Ignore LCELL Buffers                                             ; Off                ; Off                ;
; Ignore SOFT Buffers                                              ; On                 ; On                 ;
; Limit AHDL Integers to 32 Bits                                   ; Off                ; Off                ;
; Optimization Technique                                           ; Balanced           ; Balanced           ;
; Carry Chain Length                                               ; 70                 ; 70                 ;
; Auto Carry Chains                                                ; On                 ; On                 ;
; Auto Open-Drain Pins                                             ; On                 ; On                 ;
; Perform WYSIWYG Primitive Resynthesis                            ; Off                ; Off                ;
; Auto ROM Replacement                                             ; On                 ; On                 ;
; Auto RAM Replacement                                             ; On                 ; On                 ;
; Auto DSP Block Replacement                                       ; On                 ; On                 ;
; Auto Shift Register Replacement                                  ; Auto               ; Auto               ;
; Allow Shift Register Merging across Hierarchies                  ; Auto               ; Auto               ;
; Auto Clock Enable Replacement                                    ; On                 ; On                 ;
; Strict RAM Replacement                                           ; Off                ; Off                ;
; Allow Synchronous Control Signals                                ; On                 ; On                 ;
; Force Use of Synchronous Clear Signals                           ; Off                ; Off                ;
; Auto RAM Block Balancing                                         ; On                 ; On                 ;
; Auto RAM to Logic Cell Conversion                                ; Off                ; Off                ;
; Auto Resource Sharing                                            ; Off                ; Off                ;
; Allow Any RAM Size For Recognition                               ; Off                ; Off                ;
; Allow Any ROM Size For Recognition                               ; Off                ; Off                ;
; Allow Any Shift Register Size For Recognition                    ; Off                ; Off                ;
; Use LogicLock Constraints during Resource Balancing              ; On                 ; On                 ;
; Ignore translate_off and synthesis_off directives                ; Off                ; Off                ;
; Timing-Driven Synthesis                                          ; On                 ; On                 ;
; Report Parameter Settings                                        ; On                 ; On                 ;
; Report Source Assignments                                        ; On                 ; On                 ;
; Report Connectivity Checks                                       ; On                 ; On                 ;
; Ignore Maximum Fan-Out Assignments                               ; Off                ; Off                ;
; Synchronization Register Chain Length                            ; 2                  ; 2                  ;
; Power Optimization During Synthesis                              ; Normal compilation ; Normal compilation ;
; HDL message level                                                ; Level2             ; Level2             ;
; Suppress Register Optimization Related Messages                  ; Off                ; Off                ;
; Number of Removed Registers Reported in Synthesis Report         ; 5000               ; 5000               ;
; Number of Swept Nodes Reported in Synthesis Report               ; 5000               ; 5000               ;
; Number of Inverted Registers Reported in Synthesis Report        ; 100                ; 100                ;
; Clock MUX Protection                                             ; On                 ; On                 ;
; Auto Gated Clock Conversion                                      ; Off                ; Off                ;
; Block Design Naming                                              ; Auto               ; Auto               ;
; SDC constraint protection                                        ; Off                ; Off                ;
; Synthesis Effort                                                 ; Auto               ; Auto               ;
; Shift Register Replacement - Allow Asynchronous Clear Signal     ; On                 ; On                 ;
; Pre-Mapping Resynthesis Optimization                             ; Off                ; Off                ;
; Analysis & Synthesis Message Level                               ; Medium             ; Medium             ;
; Disable Register Merging Across Hierarchies                      ; Auto               ; Auto               ;
; Resource Aware Inference For Block RAM                           ; On                 ; On                 ;
+------------------------------------------------------------------+--------------------+--------------------+


+------------------------------------------+
; Parallel Compilation                     ;
+----------------------------+-------------+
; Processors                 ; Number      ;
+----------------------------+-------------+
; Number detected on machine ; 16          ;
; Maximum allowed            ; 16          ;
;                            ;             ;
; Average used               ; 1.00        ;
; Maximum used               ; 16          ;
;                            ;             ;
; Usage by Processor         ; % Time Used ;
;     Processor 1            ; 100.0%      ;
;     Processors 2-16        ;   0.0%      ;
+----------------------------+-------------+


+--------------------------------------------------------------------------------------------------------------------------------------------------------------------------+
; Analysis & Synthesis Source Files Read                                                                                                                                   ;
+----------------------------------+-----------------+------------------------+----------------------------------------------------------------------------------+---------+
; File Name with User-Entered Path ; Used in Netlist ; File Type              ; File Name with Absolute Path                                                     ; Library ;
+----------------------------------+-----------------+------------------------+----------------------------------------------------------------------------------+---------+
; driver7seg.v                     ; yes             ; User Verilog HDL File  ; G:/Meu Drive/Academia/PUC/pos_graduacao/FPGA/quartus/bin2BCDdisplay/driver7seg.v ;         ;
; bin2BCD.v                        ; yes             ; User Verilog HDL File  ; G:/Meu Drive/Academia/PUC/pos_graduacao/FPGA/quartus/bin2BCDdisplay/bin2BCD.v    ;         ;
; top.v                            ; yes             ; User Verilog HDL File  ; G:/Meu Drive/Academia/PUC/pos_graduacao/FPGA/quartus/bin2BCDdisplay/top.v        ;         ;
+----------------------------------+-----------------+------------------------+----------------------------------------------------------------------------------+---------+


+----------------------------------------------------------+
; Analysis & Synthesis Resource Usage Summary              ;
+---------------------------------------------+------------+
; Resource                                    ; Usage      ;
+---------------------------------------------+------------+
; Estimated Total logic elements              ; 9          ;
;                                             ;            ;
; Total combinational functions               ; 8          ;
; Logic element usage by number of LUT inputs ;            ;
;     -- 4 input functions                    ; 0          ;
;     -- 3 input functions                    ; 1          ;
;     -- <=2 input functions                  ; 7          ;
;                                             ;            ;
; Logic elements by mode                      ;            ;
;     -- normal mode                          ; 2          ;
;     -- arithmetic mode                      ; 6          ;
;                                             ;            ;
; Total registers                             ; 9          ;
;     -- Dedicated logic registers            ; 9          ;
;     -- I/O registers                        ; 0          ;
;                                             ;            ;
; I/O pins                                    ; 25         ;
;                                             ;            ;
; Embedded Multiplier 9-bit elements          ; 0          ;
;                                             ;            ;
; Maximum fan-out node                        ; key1~input ;
; Maximum fan-out                             ; 8          ;
; Total fan-out                               ; 66         ;
; Average fan-out                             ; 0.99       ;
+---------------------------------------------+------------+


+----------------------------------------------------------------------------------------------------------------------------------------------------------------------------------------------------------+
; Analysis & Synthesis Resource Utilization by Entity                                                                                                                                                      ;
+----------------------------+---------------------+---------------------------+-------------+--------------+---------+-----------+------+--------------+---------------------+-------------+--------------+
; Compilation Hierarchy Node ; Combinational ALUTs ; Dedicated Logic Registers ; Memory Bits ; DSP Elements ; DSP 9x9 ; DSP 18x18 ; Pins ; Virtual Pins ; Full Hierarchy Name ; Entity Name ; Library Name ;
+----------------------------+---------------------+---------------------------+-------------+--------------+---------+-----------+------+--------------+---------------------+-------------+--------------+
; |top                       ; 8 (8)               ; 9 (9)                     ; 0           ; 0            ; 0       ; 0         ; 25   ; 0            ; |top                ; top         ; work         ;
+----------------------------+---------------------+---------------------------+-------------+--------------+---------+-----------+------+--------------+---------------------+-------------+--------------+
Note: For table entries with two numbers listed, the numbers in parentheses indicate the number of resources of the given type used by the specific entity alone. The numbers listed outside of parentheses indicate the total resources of the given type used by the specific entity and all of its sub-entities in the hierarchy.


+---------------------------------------------------------------------------------+
; Registers Removed During Synthesis                                              ;
+----------------------------------------+----------------------------------------+
; Register name                          ; Reason for Removal                     ;
+----------------------------------------+----------------------------------------+
; d[5]~reg0                              ; Stuck at GND due to stuck port data_in ;
; d[4]~reg0                              ; Stuck at GND due to stuck port data_in ;
; d[3]~reg0                              ; Stuck at GND due to stuck port data_in ;
; d[2]~reg0                              ; Stuck at GND due to stuck port data_in ;
; d[1]~reg0                              ; Stuck at GND due to stuck port data_in ;
; d[0]~reg0                              ; Stuck at GND due to stuck port data_in ;
; display[7]~reg0                        ; Stuck at VCC due to stuck port data_in ;
; display[6]~reg0                        ; Stuck at VCC due to stuck port data_in ;
; display[5]~reg0                        ; Stuck at GND due to stuck port data_in ;
; display[4]~reg0                        ; Stuck at VCC due to stuck port data_in ;
; display[3]~reg0                        ; Stuck at VCC due to stuck port data_in ;
; display[2]~reg0                        ; Stuck at VCC due to stuck port data_in ;
; display[1]~reg0                        ; Stuck at VCC due to stuck port data_in ;
; display[0]~reg0                        ; Stuck at VCC due to stuck port data_in ;
; Total Number of Removed Registers = 14 ;                                        ;
+----------------------------------------+----------------------------------------+


+------------------------------------------------------+
; General Register Statistics                          ;
+----------------------------------------------+-------+
; Statistic                                    ; Value ;
+----------------------------------------------+-------+
; Total registers                              ; 9     ;
; Number of registers using Synchronous Clear  ; 0     ;
; Number of registers using Synchronous Load   ; 0     ;
; Number of registers using Asynchronous Clear ; 0     ;
; Number of registers using Asynchronous Load  ; 0     ;
; Number of registers using Clock Enable       ; 0     ;
; Number of registers using Preset             ; 0     ;
+----------------------------------------------+-------+


+--------------------------------------------------+
; Inverted Register Statistics                     ;
+----------------------------------------+---------+
; Inverted Register                      ; Fan out ;
+----------------------------------------+---------+
; d[6]~reg0                              ; 1       ;
; Total number of inverted registers = 1 ;         ;
+----------------------------------------+---------+


+--------------------------------------------------------------------------------------------------------------------------------------------------------------------------------------------------+
; Port Connectivity Checks: "driver7seg:u3"                                                                                                                                                        ;
+------+--------+----------+-----------------------------------------------------------------------------------------------------------------------------------------------------------------------+
; Port ; Type   ; Severity ; Details                                                                                                                                                               ;
+------+--------+----------+-----------------------------------------------------------------------------------------------------------------------------------------------------------------------+
; d    ; Output ; Warning  ; Output or bidir port (7 bits) is smaller than the port expression (8 bits) it drives.  The 1 most-significant bit(s) in the port expression will be connected to GND. ;
+------+--------+----------+-----------------------------------------------------------------------------------------------------------------------------------------------------------------------+


+-----------------------------------------------------------------------------------------------------------------------------------------------------------------------------------------------------+
; Port Connectivity Checks: "driver7seg:u2"                                                                                                                                                           ;
+---------+--------+----------+-----------------------------------------------------------------------------------------------------------------------------------------------------------------------+
; Port    ; Type   ; Severity ; Details                                                                                                                                                               ;
+---------+--------+----------+-----------------------------------------------------------------------------------------------------------------------------------------------------------------------+
; d       ; Output ; Warning  ; Output or bidir port (7 bits) is smaller than the port expression (8 bits) it drives.  The 1 most-significant bit(s) in the port expression will be connected to GND. ;
; d[6..0] ; Output ; Info     ; Connected to dangling logic. Logic that only feeds a dangling port will be removed.                                                                                   ;
+---------+--------+----------+-----------------------------------------------------------------------------------------------------------------------------------------------------------------------+


+-----------------------------------------------------------------------------------------------------------------------------------------------------------------------------------------------------+
; Port Connectivity Checks: "driver7seg:u1"                                                                                                                                                           ;
+---------+--------+----------+-----------------------------------------------------------------------------------------------------------------------------------------------------------------------+
; Port    ; Type   ; Severity ; Details                                                                                                                                                               ;
+---------+--------+----------+-----------------------------------------------------------------------------------------------------------------------------------------------------------------------+
; d       ; Output ; Warning  ; Output or bidir port (7 bits) is smaller than the port expression (8 bits) it drives.  The 1 most-significant bit(s) in the port expression will be connected to GND. ;
; d[6..0] ; Output ; Info     ; Connected to dangling logic. Logic that only feeds a dangling port will be removed.                                                                                   ;
+---------+--------+----------+-----------------------------------------------------------------------------------------------------------------------------------------------------------------------+


+-----------------------------------------------------+
; Post-Synthesis Netlist Statistics for Top Partition ;
+-----------------------+-----------------------------+
; Type                  ; Count                       ;
+-----------------------+-----------------------------+
; boundary_port         ; 25                          ;
; cycloneiii_ff         ; 9                           ;
;     plain             ; 9                           ;
; cycloneiii_lcell_comb ; 11                          ;
;     arith             ; 6                           ;
;         2 data inputs ; 5                           ;
;         3 data inputs ; 1                           ;
;     normal            ; 5                           ;
;         0 data inputs ; 2                           ;
;         1 data inputs ; 3                           ;
;                       ;                             ;
; Max LUT depth         ; 1.60                        ;
; Average LUT depth     ; 1.16                        ;
+-----------------------+-----------------------------+


+-------------------------------+
; Elapsed Time Per Partition    ;
+----------------+--------------+
; Partition Name ; Elapsed Time ;
+----------------+--------------+
; Top            ; 00:00:00     ;
+----------------+--------------+


+-------------------------------+
; Analysis & Synthesis Messages ;
+-------------------------------+
Info: *******************************************************************
Info: Running Quartus Prime Analysis & Synthesis
    Info: Version 22.1std.0 Build 915 10/25/2022 SC Lite Edition
    Info: Processing started: Tue Jan 17 08:18:57 2023
Info: Command: quartus_map --read_settings_files=on --write_settings_files=off bin2BCDdisplay -c bin2BCDdisplay
Warning (18236): Number of processors has not been specified which may cause overloading on shared machines.  Set the global assignment NUM_PARALLEL_PROCESSORS in your QSF to an appropriate value for best performance.
Info (20030): Parallel compilation is enabled and will use 16 of the 16 processors detected
Info (12021): Found 1 design units, including 1 entities, in source file driver7seg.v
    Info (12023): Found entity 1: driver7seg File: G:/Meu Drive/Academia/PUC/pos_graduacao/FPGA/quartus/bin2BCDdisplay/driver7seg.v Line: 1
Info (12021): Found 1 design units, including 1 entities, in source file bin2bcd.v
    Info (12023): Found entity 1: bin2BCD File: G:/Meu Drive/Academia/PUC/pos_graduacao/FPGA/quartus/bin2BCDdisplay/bin2BCD.v Line: 1
Info (12021): Found 1 design units, including 1 entities, in source file top.v
    Info (12023): Found entity 1: top File: G:/Meu Drive/Academia/PUC/pos_graduacao/FPGA/quartus/bin2BCDdisplay/top.v Line: 1
Info (12127): Elaborating entity "top" for the top level hierarchy
Warning (10858): Verilog HDL warning at top.v(24): object wd2 used but never assigned File: G:/Meu Drive/Academia/PUC/pos_graduacao/FPGA/quartus/bin2BCDdisplay/top.v Line: 24
Warning (10230): Verilog HDL assignment warning at top.v(34): truncated value with size 8 to match size of target (7) File: G:/Meu Drive/Academia/PUC/pos_graduacao/FPGA/quartus/bin2BCDdisplay/top.v Line: 34
Warning (10230): Verilog HDL assignment warning at top.v(38): truncated value with size 8 to match size of target (7) File: G:/Meu Drive/Academia/PUC/pos_graduacao/FPGA/quartus/bin2BCDdisplay/top.v Line: 38
Warning (10230): Verilog HDL assignment warning at top.v(42): truncated value with size 8 to match size of target (7) File: G:/Meu Drive/Academia/PUC/pos_graduacao/FPGA/quartus/bin2BCDdisplay/top.v Line: 42
Warning (10030): Net "wd2[6..0]" at top.v(24) has no driver or initial value, using a default initial value '0' File: G:/Meu Drive/Academia/PUC/pos_graduacao/FPGA/quartus/bin2BCDdisplay/top.v Line: 24
Info (12128): Elaborating entity "bin2BCD" for hierarchy "bin2BCD:u0" File: G:/Meu Drive/Academia/PUC/pos_graduacao/FPGA/quartus/bin2BCDdisplay/top.v Line: 22
Warning (10230): Verilog HDL assignment warning at bin2BCD.v(19): truncated value with size 32 to match size of target (4) File: G:/Meu Drive/Academia/PUC/pos_graduacao/FPGA/quartus/bin2BCDdisplay/bin2BCD.v Line: 19
Warning (10230): Verilog HDL assignment warning at bin2BCD.v(18): truncated value with size 32 to match size of target (4) File: G:/Meu Drive/Academia/PUC/pos_graduacao/FPGA/quartus/bin2BCDdisplay/bin2BCD.v Line: 18
Info (12128): Elaborating entity "driver7seg" for hierarchy "driver7seg:u1" File: G:/Meu Drive/Academia/PUC/pos_graduacao/FPGA/quartus/bin2BCDdisplay/top.v Line: 25
Warning (10270): Verilog HDL Case Statement warning at driver7seg.v(8): incomplete case statement has no default case item File: G:/Meu Drive/Academia/PUC/pos_graduacao/FPGA/quartus/bin2BCDdisplay/driver7seg.v Line: 8
Warning (10240): Verilog HDL Always Construct warning at driver7seg.v(8): inferring latch(es) for variable "d", which holds its previous value in one or more paths through the always construct File: G:/Meu Drive/Academia/PUC/pos_graduacao/FPGA/quartus/bin2BCDdisplay/driver7seg.v Line: 8
Info (10041): Inferred latch for "d[0]" at driver7seg.v(8) File: G:/Meu Drive/Academia/PUC/pos_graduacao/FPGA/quartus/bin2BCDdisplay/driver7seg.v Line: 8
Info (10041): Inferred latch for "d[1]" at driver7seg.v(8) File: G:/Meu Drive/Academia/PUC/pos_graduacao/FPGA/quartus/bin2BCDdisplay/driver7seg.v Line: 8
Info (10041): Inferred latch for "d[2]" at driver7seg.v(8) File: G:/Meu Drive/Academia/PUC/pos_graduacao/FPGA/quartus/bin2BCDdisplay/driver7seg.v Line: 8
Info (10041): Inferred latch for "d[3]" at driver7seg.v(8) File: G:/Meu Drive/Academia/PUC/pos_graduacao/FPGA/quartus/bin2BCDdisplay/driver7seg.v Line: 8
Info (10041): Inferred latch for "d[4]" at driver7seg.v(8) File: G:/Meu Drive/Academia/PUC/pos_graduacao/FPGA/quartus/bin2BCDdisplay/driver7seg.v Line: 8
Info (10041): Inferred latch for "d[5]" at driver7seg.v(8) File: G:/Meu Drive/Academia/PUC/pos_graduacao/FPGA/quartus/bin2BCDdisplay/driver7seg.v Line: 8
Info (10041): Inferred latch for "d[6]" at driver7seg.v(8) File: G:/Meu Drive/Academia/PUC/pos_graduacao/FPGA/quartus/bin2BCDdisplay/driver7seg.v Line: 8
Warning (12011): Net is missing source, defaulting to GND
    Warning (12110): Net "wd1[7]" is missing source, defaulting to GND File: G:/Meu Drive/Academia/PUC/pos_graduacao/FPGA/quartus/bin2BCDdisplay/top.v Line: 24
Warning (12011): Net is missing source, defaulting to GND
    Warning (12110): Net "wd1[7]" is missing source, defaulting to GND File: G:/Meu Drive/Academia/PUC/pos_graduacao/FPGA/quartus/bin2BCDdisplay/top.v Line: 24
Warning (12011): Net is missing source, defaulting to GND
    Warning (12110): Net "wd1[7]" is missing source, defaulting to GND File: G:/Meu Drive/Academia/PUC/pos_graduacao/FPGA/quartus/bin2BCDdisplay/top.v Line: 24
Warning (12241): 3 hierarchies have connectivity warnings - see the Connectivity Checks report folder
Warning (13024): Output pins are stuck at VCC or GND
    Warning (13410): Pin "d[0]" is stuck at GND File: G:/Meu Drive/Academia/PUC/pos_graduacao/FPGA/quartus/bin2BCDdisplay/top.v Line: 29
    Warning (13410): Pin "d[1]" is stuck at GND File: G:/Meu Drive/Academia/PUC/pos_graduacao/FPGA/quartus/bin2BCDdisplay/top.v Line: 29
    Warning (13410): Pin "d[2]" is stuck at GND File: G:/Meu Drive/Academia/PUC/pos_graduacao/FPGA/quartus/bin2BCDdisplay/top.v Line: 29
    Warning (13410): Pin "d[3]" is stuck at GND File: G:/Meu Drive/Academia/PUC/pos_graduacao/FPGA/quartus/bin2BCDdisplay/top.v Line: 29
    Warning (13410): Pin "d[4]" is stuck at GND File: G:/Meu Drive/Academia/PUC/pos_graduacao/FPGA/quartus/bin2BCDdisplay/top.v Line: 29
    Warning (13410): Pin "d[5]" is stuck at GND File: G:/Meu Drive/Academia/PUC/pos_graduacao/FPGA/quartus/bin2BCDdisplay/top.v Line: 29
    Warning (13410): Pin "display[0]" is stuck at VCC File: G:/Meu Drive/Academia/PUC/pos_graduacao/FPGA/quartus/bin2BCDdisplay/top.v Line: 29
    Warning (13410): Pin "display[1]" is stuck at VCC File: G:/Meu Drive/Academia/PUC/pos_graduacao/FPGA/quartus/bin2BCDdisplay/top.v Line: 29
    Warning (13410): Pin "display[2]" is stuck at VCC File: G:/Meu Drive/Academia/PUC/pos_graduacao/FPGA/quartus/bin2BCDdisplay/top.v Line: 29
    Warning (13410): Pin "display[3]" is stuck at VCC File: G:/Meu Drive/Academia/PUC/pos_graduacao/FPGA/quartus/bin2BCDdisplay/top.v Line: 29
    Warning (13410): Pin "display[4]" is stuck at VCC File: G:/Meu Drive/Academia/PUC/pos_graduacao/FPGA/quartus/bin2BCDdisplay/top.v Line: 29
    Warning (13410): Pin "display[5]" is stuck at GND File: G:/Meu Drive/Academia/PUC/pos_graduacao/FPGA/quartus/bin2BCDdisplay/top.v Line: 29
    Warning (13410): Pin "display[6]" is stuck at VCC File: G:/Meu Drive/Academia/PUC/pos_graduacao/FPGA/quartus/bin2BCDdisplay/top.v Line: 29
    Warning (13410): Pin "display[7]" is stuck at VCC File: G:/Meu Drive/Academia/PUC/pos_graduacao/FPGA/quartus/bin2BCDdisplay/top.v Line: 29
Info (286030): Timing-Driven Synthesis is running
Info (16010): Generating hard_block partition "hard_block:auto_generated_inst"
    Info (16011): Adding 0 node(s), including 0 DDIO, 0 PLL, 0 transceiver and 0 LCELL
Info (21057): Implemented 34 device resources after synthesis - the final resource count might be different
    Info (21058): Implemented 2 input pins
    Info (21059): Implemented 23 output pins
    Info (21061): Implemented 9 logic cells
Info: Quartus Prime Analysis & Synthesis was successful. 0 errors, 32 warnings
    Info: Peak virtual memory: 4846 megabytes
    Info: Processing ended: Tue Jan 17 08:19:04 2023
    Info: Elapsed time: 00:00:07
    Info: Total CPU time (on all processors): 00:00:16


